<?xml version="1.0" encoding="UTF-8"?>
<coverage generated="1539945872151" clover="3.2.0">
  <project timestamp="1539945872151" name="All files">
    <metrics statements="43" coveredstatements="27" conditionals="2" coveredconditionals="2" methods="26" coveredmethods="12" elements="71" coveredelements="41" complexity="0" loc="43" ncloc="43" packages="2" files="4" classes="4">
      <package name="Contact">
        <metrics statements="15" coveredstatements="8" conditionals="0" coveredconditionals="0" methods="12" coveredmethods="4"/>
        <file name="ContactScreen.js" path="C:\Users\Leif\scripts\Webutvikling\prosjekt3\components\Contact\ContactScreen.js">
          <metrics statements="3" coveredstatements="3" conditionals="0" coveredconditionals="0" methods="2" coveredmethods="2"/>
          <line num="12" count="1" type="stmt"/>
          <line num="17" count="2" type="stmt"/>
          <line num="39" count="2" type="stmt"/>
        </file>
        <file name="CreateContactScreen.js" path="C:\Users\Leif\scripts\Webutvikling\prosjekt3\components\Contact\CreateContactScreen.js">
          <metrics statements="12" coveredstatements="5" conditionals="0" coveredconditionals="0" methods="10" coveredmethods="2"/>
          <line num="12" count="1" type="stmt"/>
          <line num="13" count="1" type="stmt"/>
          <line num="19" count="1" type="stmt"/>
          <line num="25" count="0" type="stmt"/>
          <line num="32" count="0" type="stmt"/>
          <line num="33" count="0" type="stmt"/>
          <line num="38" count="0" type="stmt"/>
          <line num="42" count="1" type="stmt"/>
          <line num="56" count="0" type="stmt"/>
          <line num="59" count="0" type="stmt"/>
          <line num="62" count="0" type="stmt"/>
          <line num="69" count="1" type="stmt"/>
        </file>
      </package>
      <package name="ContactList">
        <metrics statements="28" coveredstatements="19" conditionals="2" coveredconditionals="2" methods="14" coveredmethods="8"/>
        <file name="ContactListScreen.js" path="C:\Users\Leif\scripts\Webutvikling\prosjekt3\components\ContactList\ContactListScreen.js">
          <metrics statements="25" coveredstatements="16" conditionals="2" coveredconditionals="2" methods="12" coveredmethods="6"/>
          <line num="14" count="1" type="stmt"/>
          <line num="15" count="1" type="stmt"/>
          <line num="19" count="1" type="stmt"/>
          <line num="24" count="3" type="stmt"/>
          <line num="25" count="3" type="stmt"/>
          <line num="26" count="3" type="cond" truecount="2" falsecount="0"/>
          <line num="27" count="1" type="stmt"/>
          <line num="28" count="1" type="stmt"/>
          <line num="29" count="1" type="stmt"/>
          <line num="31" count="2" type="stmt"/>
          <line num="32" count="2" type="stmt"/>
          <line num="35" count="0" type="stmt"/>
          <line num="36" count="0" type="stmt"/>
          <line num="42" count="2" type="stmt"/>
          <line num="43" count="2" type="stmt"/>
          <line num="44" count="2" type="stmt"/>
          <line num="46" count="0" type="stmt"/>
          <line num="52" count="0" type="stmt"/>
          <line num="54" count="0" type="stmt"/>
          <line num="55" count="0" type="stmt"/>
          <line num="61" count="4" type="stmt"/>
          <line num="68" count="0" type="stmt"/>
          <line num="76" count="0" type="stmt"/>
          <line num="78" count="0" type="stmt"/>
          <line num="87" count="1" type="stmt"/>
        </file>
        <file name="ReducedContactForm.js" path="C:\Users\Leif\scripts\Webutvikling\prosjekt3\components\ContactList\ReducedContactForm.js">
          <metrics statements="3" coveredstatements="3" conditionals="0" coveredconditionals="0" methods="2" coveredmethods="2"/>
          <line num="7" count="1" type="stmt"/>
          <line num="15" count="2" type="stmt"/>
          <line num="26" count="2" type="stmt"/>
        </file>
      </package>
    </metrics>
  </project>
</coverage>
