<?xml version="1.0" encoding="UTF-8"?>
<coverage generated="1539169765873" clover="3.2.0">
  <project timestamp="1539169765873" name="All files">
    <metrics statements="40" coveredstatements="14" conditionals="2" coveredconditionals="0" methods="26" coveredmethods="5" elements="68" coveredelements="19" complexity="0" loc="40" ncloc="40" packages="2" files="4" classes="4">
      <package name="Contact">
        <metrics statements="15" coveredstatements="6" conditionals="0" coveredconditionals="0" methods="12" coveredmethods="2"/>
        <file name="ContactScreen.js" path="C:\Users\Leif\scripts\Webutvikling\prosjekt3\components\Contact\ContactScreen.js">
          <metrics statements="3" coveredstatements="1" conditionals="0" coveredconditionals="0" methods="2" coveredmethods="0"/>
          <line num="12" count="0" type="stmt"/>
          <line num="17" count="0" type="stmt"/>
          <line num="39" count="1" type="stmt"/>
        </file>
        <file name="CreateContactScreen.js" path="C:\Users\Leif\scripts\Webutvikling\prosjekt3\components\Contact\CreateContactScreen.js">
          <metrics statements="12" coveredstatements="5" conditionals="0" coveredconditionals="0" methods="10" coveredmethods="2"/>
          <line num="12" count="1" type="stmt"/>
          <line num="13" count="1" type="stmt"/>
          <line num="19" count="1" type="stmt"/>
          <line num="25" count="0" type="stmt"/>
          <line num="32" count="0" type="stmt"/>
          <line num="33" count="0" type="stmt"/>
          <line num="38" count="0" type="stmt"/>
          <line num="42" count="1" type="stmt"/>
          <line num="54" count="0" type="stmt"/>
          <line num="57" count="0" type="stmt"/>
          <line num="60" count="0" type="stmt"/>
          <line num="67" count="1" type="stmt"/>
        </file>
      </package>
      <package name="ContactList">
        <metrics statements="25" coveredstatements="8" conditionals="2" coveredconditionals="0" methods="14" coveredmethods="3"/>
        <file name="ContactListScreen.js" path="C:\Users\Leif\scripts\Webutvikling\prosjekt3\components\ContactList\ContactListScreen.js">
          <metrics statements="22" coveredstatements="7" conditionals="2" coveredconditionals="0" methods="12" coveredmethods="3"/>
          <line num="14" count="1" type="stmt"/>
          <line num="16" count="1" type="stmt"/>
          <line num="20" count="1" type="stmt"/>
          <line num="27" count="1" type="stmt"/>
          <line num="28" count="1" type="stmt"/>
          <line num="29" count="0" type="cond" truecount="0" falsecount="2"/>
          <line num="30" count="0" type="stmt"/>
          <line num="31" count="0" type="stmt"/>
          <line num="33" count="0" type="stmt"/>
          <line num="36" count="0" type="stmt"/>
          <line num="42" count="0" type="stmt"/>
          <line num="43" count="0" type="stmt"/>
          <line num="44" count="0" type="stmt"/>
          <line num="46" count="0" type="stmt"/>
          <line num="52" count="0" type="stmt"/>
          <line num="54" count="0" type="stmt"/>
          <line num="55" count="0" type="stmt"/>
          <line num="61" count="1" type="stmt"/>
          <line num="68" count="0" type="stmt"/>
          <line num="76" count="0" type="stmt"/>
          <line num="78" count="0" type="stmt"/>
          <line num="87" count="1" type="stmt"/>
        </file>
        <file name="ReducedContactForm.js" path="C:\Users\Leif\scripts\Webutvikling\prosjekt3\components\ContactList\ReducedContactForm.js">
          <metrics statements="3" coveredstatements="1" conditionals="0" coveredconditionals="0" methods="2" coveredmethods="0"/>
          <line num="7" count="0" type="stmt"/>
          <line num="15" count="0" type="stmt"/>
          <line num="26" count="1" type="stmt"/>
        </file>
      </package>
    </metrics>
  </project>
</coverage>
