{"C:\\Users\\Leif\\scripts\\Webutvikling\\prosjekt3\\components\\Contact\\ContactScreen.js": {"path":"C:\\Users\\Leif\\scripts\\Webutvikling\\prosjekt3\\components\\Contact\\ContactScreen.js","statementMap":{"0":{"start":{"line":12,"column":8},"end":{"line":35,"column":10}},"1":{"start":{"line":17,"column":90},"end":{"line":17,"column":94}},"2":{"start":{"line":39,"column":15},"end":{"line":59,"column":2}}},"fnMap":{"0":{"name":"(anonymous_0)","decl":{"start":{"line":11,"column":4},"end":{"line":11,"column":5}},"loc":{"start":{"line":11,"column":13},"end":{"line":36,"column":5}},"line":11},"1":{"name":"(anonymous_1)","decl":{"start":{"line":17,"column":85},"end":{"line":17,"column":86}},"loc":{"start":{"line":17,"column":90},"end":{"line":17,"column":94}},"line":17}},"branchMap":{},"s":{"0":1,"1":2,"2":2},"f":{"0":1,"1":2},"b":{},"_coverageSchema":"332fd63041d2c1bcb487cc26dd0d5f7d97098a6c","hash":"b7ca7cc434a23155886934732d1f370fcb2d0a22"}
,"C:\\Users\\Leif\\scripts\\Webutvikling\\prosjekt3\\components\\Contact\\CreateContactScreen.js": {"path":"C:\\Users\\Leif\\scripts\\Webutvikling\\prosjekt3\\components\\Contact\\CreateContactScreen.js","statementMap":{"0":{"start":{"line":12,"column":8},"end":{"line":12,"column":21}},"1":{"start":{"line":13,"column":8},"end":{"line":17,"column":9}},"2":{"start":{"line":19,"column":8},"end":{"line":19,"column":59}},"3":{"start":{"line":25,"column":24},"end":{"line":29,"column":9}},"4":{"start":{"line":32,"column":8},"end":{"line":32,"column":59}},"5":{"start":{"line":33,"column":8},"end":{"line":37,"column":12}},"6":{"start":{"line":33,"column":32},"end":{"line":37,"column":9}},"7":{"start":{"line":38,"column":8},"end":{"line":38,"column":39}},"8":{"start":{"line":42,"column":8},"end":{"line":65,"column":10}},"9":{"start":{"line":56,"column":55},"end":{"line":56,"column":93}},"10":{"start":{"line":56,"column":79},"end":{"line":56,"column":91}},"11":{"start":{"line":59,"column":55},"end":{"line":59,"column":95}},"12":{"start":{"line":59,"column":79},"end":{"line":59,"column":93}},"13":{"start":{"line":62,"column":55},"end":{"line":62,"column":94}},"14":{"start":{"line":62,"column":79},"end":{"line":62,"column":92}},"15":{"start":{"line":69,"column":15},"end":{"line":78,"column":2}}},"fnMap":{"0":{"name":"(anonymous_0)","decl":{"start":{"line":11,"column":4},"end":{"line":11,"column":5}},"loc":{"start":{"line":11,"column":23},"end":{"line":20,"column":5}},"line":11},"1":{"name":"(anonymous_1)","decl":{"start":{"line":24,"column":4},"end":{"line":24,"column":5}},"loc":{"start":{"line":24,"column":20},"end":{"line":39,"column":5}},"line":24},"2":{"name":"(anonymous_2)","decl":{"start":{"line":33,"column":22},"end":{"line":33,"column":23}},"loc":{"start":{"line":33,"column":32},"end":{"line":37,"column":9}},"line":33},"3":{"name":"(anonymous_3)","decl":{"start":{"line":41,"column":4},"end":{"line":41,"column":5}},"loc":{"start":{"line":41,"column":13},"end":{"line":66,"column":5}},"line":41},"4":{"name":"(anonymous_4)","decl":{"start":{"line":56,"column":45},"end":{"line":56,"column":46}},"loc":{"start":{"line":56,"column":55},"end":{"line":56,"column":93}},"line":56},"5":{"name":"(anonymous_5)","decl":{"start":{"line":56,"column":69},"end":{"line":56,"column":70}},"loc":{"start":{"line":56,"column":79},"end":{"line":56,"column":91}},"line":56},"6":{"name":"(anonymous_6)","decl":{"start":{"line":59,"column":45},"end":{"line":59,"column":46}},"loc":{"start":{"line":59,"column":55},"end":{"line":59,"column":95}},"line":59},"7":{"name":"(anonymous_7)","decl":{"start":{"line":59,"column":69},"end":{"line":59,"column":70}},"loc":{"start":{"line":59,"column":79},"end":{"line":59,"column":93}},"line":59},"8":{"name":"(anonymous_8)","decl":{"start":{"line":62,"column":45},"end":{"line":62,"column":46}},"loc":{"start":{"line":62,"column":55},"end":{"line":62,"column":94}},"line":62},"9":{"name":"(anonymous_9)","decl":{"start":{"line":62,"column":69},"end":{"line":62,"column":70}},"loc":{"start":{"line":62,"column":79},"end":{"line":62,"column":92}},"line":62}},"branchMap":{},"s":{"0":1,"1":1,"2":1,"3":0,"4":0,"5":0,"6":0,"7":0,"8":1,"9":0,"10":0,"11":0,"12":0,"13":0,"14":0,"15":1},"f":{"0":1,"1":0,"2":0,"3":1,"4":0,"5":0,"6":0,"7":0,"8":0,"9":0},"b":{},"_coverageSchema":"332fd63041d2c1bcb487cc26dd0d5f7d97098a6c","hash":"51257d62ff19384eac98b45c3a6d7b448d19e154"}
,"C:\\Users\\Leif\\scripts\\Webutvikling\\prosjekt3\\components\\ContactList\\ContactListScreen.js": {"path":"C:\\Users\\Leif\\scripts\\Webutvikling\\prosjekt3\\components\\ContactList\\ContactListScreen.js","statementMap":{"0":{"start":{"line":14,"column":8},"end":{"line":14,"column":21}},"1":{"start":{"line":15,"column":8},"end":{"line":17,"column":10}},"2":{"start":{"line":19,"column":8},"end":{"line":19,"column":59}},"3":{"start":{"line":24,"column":8},"end":{"line":37,"column":9}},"4":{"start":{"line":25,"column":26},"end":{"line":25,"column":64}},"5":{"start":{"line":26,"column":12},"end":{"line":33,"column":13}},"6":{"start":{"line":27,"column":36},"end":{"line":27,"column":53}},"7":{"start":{"line":28,"column":16},"end":{"line":28,"column":66}},"8":{"start":{"line":28,"column":40},"end":{"line":28,"column":63}},"9":{"start":{"line":29,"column":16},"end":{"line":29,"column":35}},"10":{"start":{"line":31,"column":16},"end":{"line":31,"column":57}},"11":{"start":{"line":31,"column":40},"end":{"line":31,"column":54}},"12":{"start":{"line":32,"column":16},"end":{"line":32,"column":26}},"13":{"start":{"line":35,"column":12},"end":{"line":35,"column":31}},"14":{"start":{"line":36,"column":12},"end":{"line":36,"column":21}},"15":{"start":{"line":42,"column":34},"end":{"line":42,"column":61}},"16":{"start":{"line":43,"column":8},"end":{"line":47,"column":9}},"17":{"start":{"line":44,"column":12},"end":{"line":44,"column":70}},"18":{"start":{"line":46,"column":12},"end":{"line":46,"column":31}},"19":{"start":{"line":52,"column":25},"end":{"line":52,"column":58}},"20":{"start":{"line":54,"column":8},"end":{"line":54,"column":35}},"21":{"start":{"line":55,"column":8},"end":{"line":57,"column":11}},"22":{"start":{"line":55,"column":32},"end":{"line":57,"column":9}},"23":{"start":{"line":61,"column":8},"end":{"line":83,"column":10}},"24":{"start":{"line":68,"column":39},"end":{"line":68,"column":117}},"25":{"start":{"line":76,"column":55},"end":{"line":76,"column":66}},"26":{"start":{"line":78,"column":48},"end":{"line":78,"column":203}},"27":{"start":{"line":78,"column":100},"end":{"line":78,"column":200}},"28":{"start":{"line":87,"column":15},"end":{"line":99,"column":2}}},"fnMap":{"0":{"name":"(anonymous_0)","decl":{"start":{"line":13,"column":4},"end":{"line":13,"column":5}},"loc":{"start":{"line":13,"column":23},"end":{"line":20,"column":5}},"line":13},"1":{"name":"(anonymous_1)","decl":{"start":{"line":23,"column":4},"end":{"line":23,"column":5}},"loc":{"start":{"line":23,"column":25},"end":{"line":38,"column":5}},"line":23},"2":{"name":"(anonymous_2)","decl":{"start":{"line":28,"column":30},"end":{"line":28,"column":31}},"loc":{"start":{"line":28,"column":40},"end":{"line":28,"column":63}},"line":28},"3":{"name":"(anonymous_3)","decl":{"start":{"line":31,"column":30},"end":{"line":31,"column":31}},"loc":{"start":{"line":31,"column":40},"end":{"line":31,"column":54}},"line":31},"4":{"name":"(anonymous_4)","decl":{"start":{"line":41,"column":4},"end":{"line":41,"column":5}},"loc":{"start":{"line":41,"column":33},"end":{"line":48,"column":5}},"line":41},"5":{"name":"(anonymous_5)","decl":{"start":{"line":51,"column":4},"end":{"line":51,"column":5}},"loc":{"start":{"line":51,"column":27},"end":{"line":58,"column":5}},"line":51},"6":{"name":"(anonymous_6)","decl":{"start":{"line":55,"column":22},"end":{"line":55,"column":23}},"loc":{"start":{"line":55,"column":32},"end":{"line":57,"column":9}},"line":55},"7":{"name":"(anonymous_7)","decl":{"start":{"line":60,"column":4},"end":{"line":60,"column":5}},"loc":{"start":{"line":60,"column":13},"end":{"line":84,"column":5}},"line":60},"8":{"name":"(anonymous_8)","decl":{"start":{"line":68,"column":33},"end":{"line":68,"column":34}},"loc":{"start":{"line":68,"column":39},"end":{"line":68,"column":117}},"line":68},"9":{"name":"(anonymous_9)","decl":{"start":{"line":76,"column":38},"end":{"line":76,"column":39}},"loc":{"start":{"line":76,"column":55},"end":{"line":76,"column":66}},"line":76},"10":{"name":"(anonymous_10)","decl":{"start":{"line":78,"column":36},"end":{"line":78,"column":37}},"loc":{"start":{"line":78,"column":48},"end":{"line":78,"column":203}},"line":78},"11":{"name":"(anonymous_11)","decl":{"start":{"line":78,"column":94},"end":{"line":78,"column":95}},"loc":{"start":{"line":78,"column":100},"end":{"line":78,"column":200}},"line":78}},"branchMap":{"0":{"loc":{"start":{"line":26,"column":12},"end":{"line":33,"column":13}},"type":"if","locations":[{"start":{"line":26,"column":12},"end":{"line":33,"column":13}},{"start":{"line":26,"column":12},"end":{"line":33,"column":13}}],"line":26}},"s":{"0":1,"1":1,"2":1,"3":3,"4":3,"5":3,"6":1,"7":1,"8":1,"9":1,"10":2,"11":2,"12":2,"13":0,"14":0,"15":2,"16":2,"17":2,"18":0,"19":0,"20":0,"21":0,"22":0,"23":4,"24":0,"25":0,"26":0,"27":0,"28":1},"f":{"0":1,"1":3,"2":1,"3":2,"4":2,"5":0,"6":0,"7":4,"8":0,"9":0,"10":0,"11":0},"b":{"0":[1,2]},"_coverageSchema":"332fd63041d2c1bcb487cc26dd0d5f7d97098a6c","hash":"1fbdf25c6782389f321928a41a05dd36758d461f"}
,"C:\\Users\\Leif\\scripts\\Webutvikling\\prosjekt3\\components\\ContactList\\ReducedContactForm.js": {"path":"C:\\Users\\Leif\\scripts\\Webutvikling\\prosjekt3\\components\\ContactList\\ReducedContactForm.js","statementMap":{"0":{"start":{"line":7,"column":8},"end":{"line":22,"column":10}},"1":{"start":{"line":15,"column":67},"end":{"line":15,"column":71}},"2":{"start":{"line":26,"column":15},"end":{"line":45,"column":2}}},"fnMap":{"0":{"name":"(anonymous_0)","decl":{"start":{"line":6,"column":4},"end":{"line":6,"column":5}},"loc":{"start":{"line":6,"column":13},"end":{"line":23,"column":5}},"line":6},"1":{"name":"(anonymous_1)","decl":{"start":{"line":15,"column":62},"end":{"line":15,"column":63}},"loc":{"start":{"line":15,"column":67},"end":{"line":15,"column":71}},"line":15}},"branchMap":{},"s":{"0":1,"1":2,"2":2},"f":{"0":1,"1":2},"b":{},"_coverageSchema":"332fd63041d2c1bcb487cc26dd0d5f7d97098a6c","hash":"e9f1cc1c2b9078bad7daf7453f8002fbbd82d8bf"}
}
