TN:
SF:C:\Users\Leif\scripts\Webutvikling\prosjekt3\components\Contact\ContactScreen.js
FN:11,(anonymous_0)
FN:17,(anonymous_1)
FNF:2
FNH:0
FNDA:0,(anonymous_0)
FNDA:0,(anonymous_1)
DA:12,0
DA:17,0
DA:39,1
LF:3
LH:1
BRF:0
BRH:0
end_of_record
TN:
SF:C:\Users\Leif\scripts\Webutvikling\prosjekt3\components\Contact\CreateContactScreen.js
FN:11,(anonymous_0)
FN:24,(anonymous_1)
FN:33,(anonymous_2)
FN:41,(anonymous_3)
FN:54,(anonymous_4)
FN:54,(anonymous_5)
FN:57,(anonymous_6)
FN:57,(anonymous_7)
FN:60,(anonymous_8)
FN:60,(anonymous_9)
FNF:10
FNH:2
FNDA:1,(anonymous_0)
FNDA:0,(anonymous_1)
FNDA:0,(anonymous_2)
FNDA:1,(anonymous_3)
FNDA:0,(anonymous_4)
FNDA:0,(anonymous_5)
FNDA:0,(anonymous_6)
FNDA:0,(anonymous_7)
FNDA:0,(anonymous_8)
FNDA:0,(anonymous_9)
DA:12,1
DA:13,1
DA:19,1
DA:25,0
DA:32,0
DA:33,0
DA:38,0
DA:42,1
DA:54,0
DA:57,0
DA:60,0
DA:67,1
LF:12
LH:5
BRF:0
BRH:0
end_of_record
TN:
SF:C:\Users\Leif\scripts\Webutvikling\prosjekt3\components\ContactList\ContactListScreen.js
FN:13,(anonymous_0)
FN:26,(anonymous_1)
FN:31,(anonymous_2)
FN:33,(anonymous_3)
FN:41,(anonymous_4)
FN:51,(anonymous_5)
FN:55,(anonymous_6)
FN:60,(anonymous_7)
FN:68,(anonymous_8)
FN:76,(anonymous_9)
FN:78,(anonymous_10)
FN:78,(anonymous_11)
FNF:12
FNH:3
FNDA:1,(anonymous_0)
FNDA:1,(anonymous_1)
FNDA:0,(anonymous_2)
FNDA:0,(anonymous_3)
FNDA:0,(anonymous_4)
FNDA:0,(anonymous_5)
FNDA:0,(anonymous_6)
FNDA:1,(anonymous_7)
FNDA:0,(anonymous_8)
FNDA:0,(anonymous_9)
FNDA:0,(anonymous_10)
FNDA:0,(anonymous_11)
DA:14,1
DA:16,1
DA:20,1
DA:27,1
DA:28,1
DA:29,0
DA:30,0
DA:31,0
DA:33,0
DA:36,0
DA:42,0
DA:43,0
DA:44,0
DA:46,0
DA:52,0
DA:54,0
DA:55,0
DA:61,1
DA:68,0
DA:76,0
DA:78,0
DA:87,1
LF:22
LH:7
BRDA:29,0,0,0
BRDA:29,0,1,0
BRF:2
BRH:0
end_of_record
TN:
SF:C:\Users\Leif\scripts\Webutvikling\prosjekt3\components\ContactList\ReducedContactForm.js
FN:6,(anonymous_0)
FN:15,(anonymous_1)
FNF:2
FNH:0
FNDA:0,(anonymous_0)
FNDA:0,(anonymous_1)
DA:7,0
DA:15,0
DA:26,1
LF:3
LH:1
BRF:0
BRH:0
end_of_record
